<?xml version="1.0" encoding="UTF-8"?>
<testsuite xmlns:xsi="http://www.w3.org/2001/XMLSchema-instance" xsi:noNamespaceSchemaLocation="https://maven.apache.org/surefire/maven-surefire-plugin/xsd/surefire-test-report.xsd" name="view.test.UserInputValidationTest" time="0" tests="14" errors="0" skipped="0" failures="0">
  <properties>
[...]
</properties>
  <testcase name="testVerifySymbolInputFalseInput" classname="view.test.UserInputValidationTest" time="0"/>
  <testcase name="testYesOrNoWithYes" classname="view.test.UserInputValidationTest" time="0"/>
  <testcase name="checkYesNoValidationCorrectWithNo" classname="view.test.UserInputValidationTest" time="0"/>
  <testcase name="testVerifyPlayOrTakeInputWrongInput" classname="view.test.UserInputValidationTest" time="0"/>
  <testcase name="testYesOrNoWithNo" classname="view.test.UserInputValidationTest" time="0"/>
  <testcase name="testVerifyValueInputWrongInput" classname="view.test.UserInputValidationTest" time="0"/>
  <testcase name="testVerifyPlayOrTakeInputCorrectInput" classname="view.test.UserInputValidationTest" time="0"/>
  <testcase name="checkYesNoValidationWrongWithYes" classname="view.test.UserInputValidationTest" time="0"/>
  <testcase name="testVerifyIfCardInUserHandNotInHand" classname="view.test.UserInputValidationTest" time="0"/>
  <testcase name="testVerifyIfCardInUserHandInHand" classname="view.test.UserInputValidationTest" time="0"/>
  <testcase name="checkYesNoValidationCorrectWithYes" classname="view.test.UserInputValidationTest" time="0"/>
  <testcase name="checkYesNoValidationWrongWithNo" classname="view.test.UserInputValidationTest" time="0"/>
  <testcase name="testVerifySymbolInputCorrectInput" classname="view.test.UserInputValidationTest" time="0"/>
  <testcase name="testVerifyValueInputCorrectInput" classname="view.test.UserInputValidationTest" time="0"/>
</testsuite>